<?xml version="1.0" encoding="UTF-8"?>
<!-- Generated by org.testng.reporters.JUnitReportReporter -->
<testsuite skipped="10" hostname="Thilina-PC" name="com.MyTests.LoginTest" tests="11" failures="0" timestamp="2022-07-09T17:13:34 IST" time="16.889" errors="0">
  <testcase name="lockedUserLoginTest" time="16.889" classname="com.MyTests.LoginTest"/>
  <system-out/>
  <testcase name="emptyUnameCorrectPasswordLoginTest" classname="com.MyTests.LoginTest">
    <skipped/>
  </testcase> <!-- emptyUnameCorrectPasswordLoginTest -->
  <system-out/>
  <testcase name="verifyLoginHeaderTest" classname="com.MyTests.LoginTest">
    <skipped/>
  </testcase> <!-- verifyLoginHeaderTest -->
  <system-out/>
  <testcase name="incorrectUnameCorrectPasswordLoginTest" classname="com.MyTests.LoginTest">
    <skipped/>
  </testcase> <!-- incorrectUnameCorrectPasswordLoginTest -->
  <system-out/>
  <testcase name="correctUnameEmptyPasswordLoginTest" classname="com.MyTests.LoginTest">
    <skipped/>
  </testcase> <!-- correctUnameEmptyPasswordLoginTest -->
  <system-out/>
  <testcase name="correctUnameIncorrectPasswordLoginTest" classname="com.MyTests.LoginTest">
    <skipped/>
  </testcase> <!-- correctUnameIncorrectPasswordLoginTest -->
  <system-out/>
  <testcase name="emptyUnamePasswordLoginTest" classname="com.MyTests.LoginTest">
    <skipped/>
  </testcase> <!-- emptyUnamePasswordLoginTest -->
  <system-out/>
  <testcase name="specialCharactersToEmailLoginTest" classname="com.MyTests.LoginTest">
    <skipped/>
  </testcase> <!-- specialCharactersToEmailLoginTest -->
  <system-out/>
  <testcase name="doLoginTest" classname="com.MyTests.LoginTest">
    <skipped/>
  </testcase> <!-- doLoginTest -->
  <system-out/>
  <testcase name="verifyLoginPageTitleTest" classname="com.MyTests.LoginTest">
    <skipped/>
  </testcase> <!-- verifyLoginPageTitleTest -->
  <system-out/>
  <testcase name="doLoginWithEnterTest" classname="com.MyTests.LoginTest">
    <skipped/>
  </testcase> <!-- doLoginWithEnterTest -->
  <system-out/>
</testsuite> <!-- com.MyTests.LoginTest -->
