<?xml version="1.0" encoding="UTF-8"?>
<!-- Generated by org.testng.reporters.JUnitReportReporter -->
<testsuite hostname="Thilina-PC" name="com.MyTests.LoginTest" tests="11" failures="0" timestamp="9 Jul 2022 15:13:16 GMT" time="14.557" errors="0">
  <testcase name="lockedUserLoginTest" time="4.296" classname="com.MyTests.LoginTest"/>
  <testcase name="emptyUnameCorrectPasswordLoginTest" time="0.301" classname="com.MyTests.LoginTest"/>
  <testcase name="doLoginTest" time="1.786" classname="com.MyTests.LoginTest"/>
  <testcase name="verifyLoginPageTitleTest" time="0.038" classname="com.MyTests.LoginTest"/>
  <testcase name="verifyLoginHeaderTest" time="0.057" classname="com.MyTests.LoginTest"/>
  <testcase name="incorrectUnameCorrectPasswordLoginTest" time="0.969" classname="com.MyTests.LoginTest"/>
  <testcase name="correctUnameIncorrectPasswordLoginTest" time="3.727" classname="com.MyTests.LoginTest"/>
  <testcase name="emptyUnamePasswordLoginTest" time="0.229" classname="com.MyTests.LoginTest"/>
  <testcase name="correctUnameEmptyPasswordLoginTest" time="0.255" classname="com.MyTests.LoginTest"/>
  <testcase name="doLoginWithEnterTest" time="2.024" classname="com.MyTests.LoginTest"/>
  <testcase name="specialCharactersToEmailLoginTest" time="0.875" classname="com.MyTests.LoginTest"/>
</testsuite>
